<?xml version="1.0" encoding="UTF-8"?>
<testsuite xmlns:xsi="http://www.w3.org/2001/XMLSchema-instance" xsi:noNamespaceSchemaLocation="https://maven.apache.org/surefire/maven-surefire-plugin/xsd/surefire-test-report.xsd" version="3.0.2" name="com.ithema.TliasWebMannagementApplicationTests" time="5.532" tests="1" errors="0" skipped="0" failures="0">
  <properties>
[...]
</properties>
  <testcase name="contextLoads" classname="com.ithema.TliasWebMannagementApplicationTests" time="1.141">
    <system-out><![CDATA[19:51:14.720 [main] INFO org.springframework.test.context.support.AnnotationConfigContextLoaderUtils -- Could not detect default configuration classes for test class [com.ithema.TliasWebMannagementApplicationTests]: TliasWebMannagementApplicationTests does not declare any static, non-private, non-final, nested classes annotated with @Configuration.
19:51:14.976 [main] INFO org.springframework.boot.test.context.SpringBootTestContextBootstrapper -- Found @SpringBootConfiguration com.ithema.TliasWebMannagementApplication for test class com.ithema.TliasWebMannagementApplicationTests

  .   ____          _            __ _ _
 /\\ / ___'_ __ _ _(_)_ __  __ _ \ \ \ \
( ( )\___ | '_ | '_| | '_ \/ _` | \ \ \ \
 \\/  ___)| |_)| | | | | || (_| |  ) ) ) )
  '  |____| .__|_| |_|_| |_\__, | / / / /
 =========|_|==============|___/=/_/_/_/

 :: Spring Boot ::                (v3.5.6)

2025-09-24T19:51:15.974+08:00  INFO 9060 --- [tlias-web-management] [           main] c.i.TliasWebMannagementApplicationTests  : Starting TliasWebMannagementApplicationTests using Java 21.0.8 with PID 9060 (started by 26228 in D:\code\web-ai-projects\tlias-web-management)
2025-09-24T19:51:15.976+08:00  INFO 9060 --- [tlias-web-management] [           main] c.i.TliasWebMannagementApplicationTests  : No active profile set, falling back to 1 default profile: "default"
Logging initialized using 'class org.apache.ibatis.logging.stdout.StdOutImpl' adapter.
2025-09-24T19:51:18.791+08:00  INFO 9060 --- [tlias-web-management] [           main] c.i.TliasWebMannagementApplicationTests  : Started TliasWebMannagementApplicationTests in 3.445 seconds (process running for 5.413)
]]></system-out>
    <system-err><![CDATA[Mockito is currently self-attaching to enable the inline-mock-maker. This will no longer work in future releases of the JDK. Please add Mockito as an agent to your build as described in Mockito's documentation: https://javadoc.io/doc/org.mockito/mockito-core/latest/org.mockito/org/mockito/Mockito.html#0.3
WARNING: A Java agent has been loaded dynamically (C:\Users\26228\.m2\repository\net\bytebuddy\byte-buddy-agent\1.17.7\byte-buddy-agent-1.17.7.jar)
WARNING: If a serviceability tool is in use, please run with -XX:+EnableDynamicAgentLoading to hide this warning
WARNING: If a serviceability tool is not in use, please run with -Djdk.instrument.traceUsage for more information
WARNING: Dynamic loading of agents will be disallowed by default in a future release
]]></system-err>
  </testcase>
</testsuite>